                         Chronologic VCS (TM)
        Version U-2023.03-1_Full64 -- Wed Dec 11 22:26:15 2024

                    Copyright (c) 1991 - 2023 Synopsys, Inc.
   This software and the associated documentation are proprietary to Synopsys,
 Inc. This software may only be used in accordance with the terms and conditions
 of a written license agreement with Synopsys, Inc. All other use, reproduction,
   or distribution of this software is strictly prohibited.  Licensed Products
     communicate with Synopsys servers for the purpose of providing software
    updates, detecting software piracy and verifying that customers are using
    Licensed Products in conformity with the applicable License Key for such
  Licensed Products. Synopsys will use information gathered in connection with
    this process to deliver software updates and pursue software pirates and
                                   infringers.

 Inclusivity & Diversity - Visit SolvNetPlus to read the "Synopsys Statement on
            Inclusivity and Diversity" (Refer to article 000036315 at
                        https://solvnetplus.synopsys.com)

Parsing design file '../../../bd/cl_axi_sc_2x2/ip/cl_axi_sc_2x2_smartconnect_0_0/bd_0/ip/ip_0/sim/bd_1096_one_0.v'
CPU time: .194 seconds to compile


                         Synopsys 1076 VHDL Analyzer
 

                Version U-2023.03-1 for linux64 - Apr 22, 2023 

                    Copyright (c) 1991 - 2023 Synopsys, Inc.
   This software and the associated documentation are proprietary to Synopsys,
 Inc. This software may only be used in accordance with the terms and conditions
 of a written license agreement with Synopsys, Inc. All other use, reproduction,
   or distribution of this software is strictly prohibited.  Licensed Products
     communicate with Synopsys servers for the purpose of providing software
    updates, detecting software piracy and verifying that customers are using
    Licensed Products in conformity with the applicable License Key for such
  Licensed Products. Synopsys will use information gathered in connection with
    this process to deliver software updates and pursue software pirates and
                                   infringers.

 Inclusivity & Diversity - Visit SolvNetPlus to read the "Synopsys Statement on
            Inclusivity and Diversity" (Refer to article 000036315 at
                        https://solvnetplus.synopsys.com)


Parsing design file '../../../bd/cl_axi_sc_2x2/ip/cl_axi_sc_2x2_smartconnect_0_0/bd_0/ip/ip_1/sim/bd_1096_psr_aclk_0.vhd'
                         Chronologic VCS (TM)
        Version U-2023.03-1_Full64 -- Wed Dec 11 22:26:17 2024

                    Copyright (c) 1991 - 2023 Synopsys, Inc.
   This software and the associated documentation are proprietary to Synopsys,
 Inc. This software may only be used in accordance with the terms and conditions
 of a written license agreement with Synopsys, Inc. All other use, reproduction,
   or distribution of this software is strictly prohibited.  Licensed Products
     communicate with Synopsys servers for the purpose of providing software
    updates, detecting software piracy and verifying that customers are using
    Licensed Products in conformity with the applicable License Key for such
  Licensed Products. Synopsys will use information gathered in connection with
    this process to deliver software updates and pursue software pirates and
                                   infringers.

 Inclusivity & Diversity - Visit SolvNetPlus to read the "Synopsys Statement on
            Inclusivity and Diversity" (Refer to article 000036315 at
                        https://solvnetplus.synopsys.com)

Parsing design file '../../../bd/cl_axi_sc_2x2/ip/cl_axi_sc_2x2_smartconnect_0_0/bd_0/ip/ip_2/sim/bd_1096_arsw_0.sv'
Parsing design file '../../../bd/cl_axi_sc_2x2/ip/cl_axi_sc_2x2_smartconnect_0_0/bd_0/ip/ip_3/sim/bd_1096_rsw_0.sv'
Parsing design file '../../../bd/cl_axi_sc_2x2/ip/cl_axi_sc_2x2_smartconnect_0_0/bd_0/ip/ip_4/sim/bd_1096_awsw_0.sv'
Parsing design file '../../../bd/cl_axi_sc_2x2/ip/cl_axi_sc_2x2_smartconnect_0_0/bd_0/ip/ip_5/sim/bd_1096_wsw_0.sv'
Parsing design file '../../../bd/cl_axi_sc_2x2/ip/cl_axi_sc_2x2_smartconnect_0_0/bd_0/ip/ip_6/sim/bd_1096_bsw_0.sv'
Parsing design file '../../../bd/cl_axi_sc_2x2/ip/cl_axi_sc_2x2_smartconnect_0_0/bd_0/ip/ip_7/sim/bd_1096_s00mmu_0.sv'
Parsing design file '../../../bd/cl_axi_sc_2x2/ip/cl_axi_sc_2x2_smartconnect_0_0/bd_0/ip/ip_8/sim/bd_1096_s00tr_0.sv'
Parsing design file '../../../bd/cl_axi_sc_2x2/ip/cl_axi_sc_2x2_smartconnect_0_0/bd_0/ip/ip_9/sim/bd_1096_s00sic_0.sv'
Parsing design file '../../../bd/cl_axi_sc_2x2/ip/cl_axi_sc_2x2_smartconnect_0_0/bd_0/ip/ip_10/sim/bd_1096_s00a2s_0.sv'
Parsing design file '../../../bd/cl_axi_sc_2x2/ip/cl_axi_sc_2x2_smartconnect_0_0/bd_0/ip/ip_11/sim/bd_1096_sarn_0.sv'
Parsing design file '../../../bd/cl_axi_sc_2x2/ip/cl_axi_sc_2x2_smartconnect_0_0/bd_0/ip/ip_12/sim/bd_1096_srn_0.sv'
Parsing design file '../../../bd/cl_axi_sc_2x2/ip/cl_axi_sc_2x2_smartconnect_0_0/bd_0/ip/ip_13/sim/bd_1096_sawn_0.sv'
Parsing design file '../../../bd/cl_axi_sc_2x2/ip/cl_axi_sc_2x2_smartconnect_0_0/bd_0/ip/ip_14/sim/bd_1096_swn_0.sv'
Parsing design file '../../../bd/cl_axi_sc_2x2/ip/cl_axi_sc_2x2_smartconnect_0_0/bd_0/ip/ip_15/sim/bd_1096_sbn_0.sv'
Parsing design file '../../../bd/cl_axi_sc_2x2/ip/cl_axi_sc_2x2_smartconnect_0_0/bd_0/ip/ip_16/sim/bd_1096_s01mmu_0.sv'
Parsing design file '../../../bd/cl_axi_sc_2x2/ip/cl_axi_sc_2x2_smartconnect_0_0/bd_0/ip/ip_17/sim/bd_1096_s01tr_0.sv'
Parsing design file '../../../bd/cl_axi_sc_2x2/ip/cl_axi_sc_2x2_smartconnect_0_0/bd_0/ip/ip_18/sim/bd_1096_s01sic_0.sv'
Parsing design file '../../../bd/cl_axi_sc_2x2/ip/cl_axi_sc_2x2_smartconnect_0_0/bd_0/ip/ip_19/sim/bd_1096_s01a2s_0.sv'
Parsing design file '../../../bd/cl_axi_sc_2x2/ip/cl_axi_sc_2x2_smartconnect_0_0/bd_0/ip/ip_20/sim/bd_1096_sarn_1.sv'
Parsing design file '../../../bd/cl_axi_sc_2x2/ip/cl_axi_sc_2x2_smartconnect_0_0/bd_0/ip/ip_21/sim/bd_1096_srn_1.sv'
Parsing design file '../../../bd/cl_axi_sc_2x2/ip/cl_axi_sc_2x2_smartconnect_0_0/bd_0/ip/ip_22/sim/bd_1096_sawn_1.sv'
Parsing design file '../../../bd/cl_axi_sc_2x2/ip/cl_axi_sc_2x2_smartconnect_0_0/bd_0/ip/ip_23/sim/bd_1096_swn_1.sv'
Parsing design file '../../../bd/cl_axi_sc_2x2/ip/cl_axi_sc_2x2_smartconnect_0_0/bd_0/ip/ip_24/sim/bd_1096_sbn_1.sv'
Parsing design file '../../../bd/cl_axi_sc_2x2/ip/cl_axi_sc_2x2_smartconnect_0_0/bd_0/ip/ip_25/sim/bd_1096_m00s2a_0.sv'
Parsing design file '../../../bd/cl_axi_sc_2x2/ip/cl_axi_sc_2x2_smartconnect_0_0/bd_0/ip/ip_26/sim/bd_1096_m00arn_0.sv'
Parsing design file '../../../bd/cl_axi_sc_2x2/ip/cl_axi_sc_2x2_smartconnect_0_0/bd_0/ip/ip_27/sim/bd_1096_m00rn_0.sv'
Parsing design file '../../../bd/cl_axi_sc_2x2/ip/cl_axi_sc_2x2_smartconnect_0_0/bd_0/ip/ip_28/sim/bd_1096_m00awn_0.sv'
Parsing design file '../../../bd/cl_axi_sc_2x2/ip/cl_axi_sc_2x2_smartconnect_0_0/bd_0/ip/ip_29/sim/bd_1096_m00wn_0.sv'
Parsing design file '../../../bd/cl_axi_sc_2x2/ip/cl_axi_sc_2x2_smartconnect_0_0/bd_0/ip/ip_30/sim/bd_1096_m00bn_0.sv'
Parsing design file '../../../bd/cl_axi_sc_2x2/ip/cl_axi_sc_2x2_smartconnect_0_0/bd_0/ip/ip_31/sim/bd_1096_m00e_0.sv'
Parsing design file '../../../bd/cl_axi_sc_2x2/ip/cl_axi_sc_2x2_smartconnect_0_0/bd_0/ip/ip_32/sim/bd_1096_m01s2a_0.sv'
Parsing design file '../../../bd/cl_axi_sc_2x2/ip/cl_axi_sc_2x2_smartconnect_0_0/bd_0/ip/ip_33/sim/bd_1096_m01arn_0.sv'
Parsing design file '../../../bd/cl_axi_sc_2x2/ip/cl_axi_sc_2x2_smartconnect_0_0/bd_0/ip/ip_34/sim/bd_1096_m01rn_0.sv'
Parsing design file '../../../bd/cl_axi_sc_2x2/ip/cl_axi_sc_2x2_smartconnect_0_0/bd_0/ip/ip_35/sim/bd_1096_m01awn_0.sv'
Parsing design file '../../../bd/cl_axi_sc_2x2/ip/cl_axi_sc_2x2_smartconnect_0_0/bd_0/ip/ip_36/sim/bd_1096_m01wn_0.sv'
Parsing design file '../../../bd/cl_axi_sc_2x2/ip/cl_axi_sc_2x2_smartconnect_0_0/bd_0/ip/ip_37/sim/bd_1096_m01bn_0.sv'
Parsing design file '../../../bd/cl_axi_sc_2x2/ip/cl_axi_sc_2x2_smartconnect_0_0/bd_0/ip/ip_38/sim/bd_1096_m01e_0.sv'
CPU time: .237 seconds to compile
                         Chronologic VCS (TM)
        Version U-2023.03-1_Full64 -- Wed Dec 11 22:26:18 2024

                    Copyright (c) 1991 - 2023 Synopsys, Inc.
   This software and the associated documentation are proprietary to Synopsys,
 Inc. This software may only be used in accordance with the terms and conditions
 of a written license agreement with Synopsys, Inc. All other use, reproduction,
   or distribution of this software is strictly prohibited.  Licensed Products
     communicate with Synopsys servers for the purpose of providing software
    updates, detecting software piracy and verifying that customers are using
    Licensed Products in conformity with the applicable License Key for such
  Licensed Products. Synopsys will use information gathered in connection with
    this process to deliver software updates and pursue software pirates and
                                   infringers.

 Inclusivity & Diversity - Visit SolvNetPlus to read the "Synopsys Statement on
            Inclusivity and Diversity" (Refer to article 000036315 at
                        https://solvnetplus.synopsys.com)

Parsing design file '../../../bd/cl_axi_sc_2x2/ip/cl_axi_sc_2x2_smartconnect_0_0/bd_0/sim/bd_1096.v'
Parsing design file '../../../bd/cl_axi_sc_2x2/ip/cl_axi_sc_2x2_smartconnect_0_0/sim/cl_axi_sc_2x2_smartconnect_0_0.v'
Parsing design file '../../../bd/cl_axi_sc_2x2/sim/cl_axi_sc_2x2.v'
CPU time: .238 seconds to compile
                         Chronologic VCS (TM)
        Version U-2023.03-1_Full64 -- Wed Dec 11 22:26:19 2024

                    Copyright (c) 1991 - 2023 Synopsys, Inc.
   This software and the associated documentation are proprietary to Synopsys,
 Inc. This software may only be used in accordance with the terms and conditions
 of a written license agreement with Synopsys, Inc. All other use, reproduction,
   or distribution of this software is strictly prohibited.  Licensed Products
     communicate with Synopsys servers for the purpose of providing software
    updates, detecting software piracy and verifying that customers are using
    Licensed Products in conformity with the applicable License Key for such
  Licensed Products. Synopsys will use information gathered in connection with
    this process to deliver software updates and pursue software pirates and
                                   infringers.

 Inclusivity & Diversity - Visit SolvNetPlus to read the "Synopsys Statement on
            Inclusivity and Diversity" (Refer to article 000036315 at
                        https://solvnetplus.synopsys.com)

Parsing design file 'glbl.v'
CPU time: .196 seconds to compile
